<?xml version="1.0" encoding="UTF-8"?>
<!-- Generated by org.testng.reporters.JUnitReportReporter -->
<testsuite hostname="ratansrikanth" failures="0" tests="1" name="practice.CalendarDemo" time="0.012" errors="0" timestamp="08 Sep 2018 13:10:26 GMT" skipped="0">
  <testcase classname="practice.CalendarDemo" name="test01" time="0.012"/>
</testsuite> <!-- practice.CalendarDemo -->
