<?xml version="1.0" encoding="UTF-8"?>
<!-- Generated by org.testng.reporters.JUnitReportReporter -->
<testsuite hostname="ratansrikanth" failures="0" tests="1" name="testcases.TC02_SelectFlight_NY_RDM" time="35.298" errors="0" timestamp="08 Sep 2018 13:31:46 GMT" skipped="0">
  <testcase classname="testcases.TC02_SelectFlight_NY_RDM" name="selectFlight_NY_RDM" time="35.298"/>
</testsuite> <!-- testcases.TC02_SelectFlight_NY_RDM -->
