<?xml version="1.0" encoding="UTF-8"?>
<!-- Generated by org.testng.reporters.JUnitReportReporter -->
<testsuite hostname="ratansrikanth" failures="0" tests="1" name="testcases.FlightOneWay_TC01" time="0.008" errors="0" timestamp="02 Sep 2018 15:33:05 GMT" skipped="0">
  <testcase classname="testcases.FlightOneWay_TC01" name="flight_NY_RDM" time="0.008"/>
</testsuite> <!-- testcases.FlightOneWay_TC01 -->
