<?xml version="1.0" encoding="UTF-8"?>
<!-- Generated by org.testng.reporters.JUnitReportReporter -->
<testsuite hostname="ratansrikanth" failures="0" tests="1" name="testcases.TC03_Hotels_BookRoom" time="27.989" errors="0" timestamp="18 Sep 2018 05:41:58 GMT" skipped="0">
  <testcase classname="testcases.TC03_Hotels_BookRoom" name="bookHotel" time="27.989"/>
</testsuite> <!-- testcases.TC03_Hotels_BookRoom -->
