<?xml version="1.0" encoding="UTF-8"?>
<!-- Generated by org.testng.reporters.JUnitReportReporter -->
<testsuite hostname="ratansrikanth" failures="0" tests="1" name="testcases.TC01_FlightOneWay" time="25.842" errors="0" timestamp="08 Sep 2018 17:08:47 GMT" skipped="0">
  <testcase classname="testcases.TC01_FlightOneWay" name="flight_NY_RDM" time="25.842"/>
</testsuite> <!-- testcases.TC01_FlightOneWay -->
